[2025-10-04 06:59:47,602] 28 root - INFO - Entered the data ingestion method or component
[2025-10-04 06:59:47,682] 31 root - INFO - Read the dataset as dataframe
[2025-10-04 06:59:48,067] 37 root - INFO - Train test split initiated
[2025-10-04 06:59:48,423] 44 root - INFO - Ingestion of the data is completed
[2025-10-04 06:59:48,597] 168 root - INFO - Read train and test data completed
[2025-10-04 06:59:48,597] 169 root - INFO - Train data shape: (24000, 25)
[2025-10-04 06:59:48,597] 170 root - INFO - Test data shape: (6000, 25)
[2025-10-04 06:59:48,601] 189 root - INFO - Dropped columns: ['ID']
[2025-10-04 06:59:48,602] 191 root - INFO - Obtaining preprocessing object
[2025-10-04 06:59:48,603] 136 root - INFO - Original numerical columns: ['LIMIT_BAL', 'AGE', 'BILL_AMT1', 'BILL_AMT2', 'BILL_AMT3', 'BILL_AMT4', 'BILL_AMT5', 'BILL_AMT6', 'PAY_AMT1', 'PAY_AMT2', 'PAY_AMT3', 'PAY_AMT4', 'PAY_AMT5', 'PAY_AMT6']
[2025-10-04 06:59:48,603] 137 root - INFO - Original categorical columns: ['SEX', 'EDUCATION', 'MARRIAGE', 'PAY_0', 'PAY_2', 'PAY_3', 'PAY_4', 'PAY_5', 'PAY_6']
[2025-10-04 06:59:48,603] 138 root - INFO - Engineered numerical columns: ['credit_utilization', 'avg_payment_status', 'max_payment_delay', 'avg_bill_amount', 'bill_amount_trend', 'avg_payment_amount', 'payment_amount_trend', 'months_with_delays', 'payment_reliability_score', 'payment_ratio_1', 'payment_ratio_2', 'payment_ratio_3', 'payment_ratio_4', 'payment_ratio_5', 'payment_ratio_6']
[2025-10-04 06:59:48,603] 139 root - INFO - Engineered categorical columns: ['high_utilization', 'ever_paid_early']
[2025-10-04 06:59:48,605] 201 root - INFO - Input features shape - Train: (24000, 23), Test: (6000, 23)
[2025-10-04 06:59:48,607] 202 root - INFO - Target distribution in train set:
default.payment.next.month
0    18677
1     5323
Name: count, dtype: int64
[2025-10-04 06:59:48,607] 204 root - INFO - Applying preprocessing object on training dataframe and testing dataframe.
[2025-10-04 06:59:48,817] 210 root - INFO - Transformed features shape - Train: (24000, 99), Test: (6000, 99)
[2025-10-04 06:59:48,824] 216 root - INFO - Saving preprocessing object
[2025-10-04 06:59:48,825] 222 root - INFO - Data transformation completed successfully
[2025-10-04 06:59:48,828] 33 root - INFO - Split training and test input data
