[2025-10-04 06:43:33,481] 23 root - INFO - Entered the data ingestion method or component
[2025-10-04 06:43:33,610] 26 root - INFO - Read the dataset as dataframe
[2025-10-04 06:43:34,133] 32 root - INFO - Train test split initiated
[2025-10-04 06:43:34,622] 39 root - INFO - Ingestion of the data is completed
[2025-10-04 06:43:34,838] 157 root - INFO - Read train and test data completed
[2025-10-04 06:43:34,838] 158 root - INFO - Train data shape: (24000, 25)
[2025-10-04 06:43:34,838] 159 root - INFO - Test data shape: (6000, 25)
[2025-10-04 06:43:34,845] 178 root - INFO - Dropped columns: ['ID']
[2025-10-04 06:43:34,873] 180 root - INFO - Obtaining preprocessing object
[2025-10-04 06:43:34,873] 125 root - INFO - Original numerical columns: ['LIMIT_BAL', 'AGE', 'PAY_0', 'PAY_2', 'PAY_3', 'PAY_4', 'PAY_5', 'PAY_6', 'BILL_AMT1', 'BILL_AMT2', 'BILL_AMT3', 'BILL_AMT4', 'BILL_AMT5', 'BILL_AMT6', 'PAY_AMT1', 'PAY_AMT2', 'PAY_AMT3', 'PAY_AMT4', 'PAY_AMT5', 'PAY_AMT6']
[2025-10-04 06:43:34,873] 126 root - INFO - Original categorical columns: ['SEX', 'EDUCATION', 'MARRIAGE']
[2025-10-04 06:43:34,873] 127 root - INFO - Engineered numerical columns: ['credit_utilization', 'avg_payment_status', 'max_payment_delay', 'avg_bill_amount', 'bill_amount_trend', 'avg_payment_amount', 'payment_amount_trend', 'consecutive_delays', 'payment_ratio_1', 'payment_ratio_2', 'payment_ratio_3', 'payment_ratio_4', 'payment_ratio_5', 'payment_ratio_6']
[2025-10-04 06:43:34,873] 128 root - INFO - Engineered categorical columns: ['high_utilization']
[2025-10-04 06:43:34,877] 190 root - INFO - Input features shape - Train: (24000, 23), Test: (6000, 23)
[2025-10-04 06:43:34,879] 191 root - INFO - Target distribution in train set:
default.payment.next.month
0    18677
1     5323
Name: count, dtype: int64
[2025-10-04 06:43:34,880] 193 root - INFO - Applying preprocessing object on training dataframe and testing dataframe.
[2025-10-04 06:43:35,135] 199 root - INFO - Transformed features shape - Train: (24000, 45), Test: (6000, 45)
[2025-10-04 06:43:35,143] 205 root - INFO - Saving preprocessing object
[2025-10-04 06:43:35,173] 211 root - INFO - Data transformation completed successfully
[2025-10-04 06:43:35,176] 33 root - INFO - Split training and test input data
